********************************************************************************
DUPLICATOR-LITE PACKAGE-LOG: January 5, 2022 3:16 pm
NOTICE: Do NOT post to public sites or forums 
********************************************************************************
VERSION:	1.4.3
WORDPRESS:	5.8.2
PHP INFO:	7.3.33 | SAPI: apache2handler
SERVER:		Apache/2.4.29 
PHP TIME LIMIT: (0) no time limit imposed 
PHP MAX MEMORY: 4294967296 (1024M default) 
MEMORY STACK: 6MB

********************************************************************************
DATABASE:
********************************************************************************
BUILD MODE:   MYSQLDUMP
MYSQLTIMEOUT: 5000
MYSQLDUMP:    Is Supported
SQL CREATED: 20220105_feccawp_1b61926236d1dbdd6707_20220105151604_database.sql
SQL FILE SIZE: 1.73MB (1814025)
SQL FILE TIME: 2022-01-05 15:16:22
SQL RUNTIME: 0.15 sec.

********************************************************************************
ARCHIVE (ZIP):
********************************************************************************
ARCHIVE DIR:  /home/c/ck11187/public_html
ARCHIVE FILE: 20220105_feccawp_1b61926236d1dbdd6707_20220105151604_archive.zip
FILTERS: *OFF*
DIRS:
	not set
FILES:
	not set
EXTS:  not set
----------------------------------------
COMPRESSING
SIZE:	64.32MB
STATS:	Dirs 439 | Files 3,352
SQL ADDED: 20220105_feccawp_1b61926236d1dbdd6707_20220105151604_database.sql
ZipArchive Object
(
    [status] => 0
    [statusSys] => 0
    [numFiles] => 3791
    [filename] => /home/c/ck11187/public_html/wp-content/backups-dup-lite/tmp/20220105_feccawp_1b61926236d1dbdd6707_20220105151604_archive.zip
    [comment] => 
)

FILE ADDED TO ZIP: 3790
[PHP ERR][NOTICE] MSG:ob_flush(): failed to flush buffer. No buffer to flush [CODE:8|FILE:/home/c/ck11187/public_html/wp-content/plugins/duplicator/classes/utilities/class.u.php|LINE:171]
do_action('wp_ajax_duplicator_package_build'), WP_Hook->do_action, WP_Hook->apply_filters, duplicator_package_build, DUP_Package->runZipBuild, DUP_Archive->build, DUP_Zip::create, DUP_Util::fcgiFlush, ob_flush, DUP_Handler::error, DUP_Handler::getMessage
COMPRESSION RESULT: '1'
COMPRESSED SIZE: 21.26MB
ARCHIVE RUNTIME: 4.65 sec.
MEMORY STACK: 8MB
building installer
add_extra_files1
add_extra_files2
add_extra_files3
add_extra_files4
Doing archive file check
add_extra_files5
add_extra_files6
add_extra_files8
Successfully opened zip /home/c/ck11187/public_html/wp-content/backups-dup-lite/tmp/20220105_feccawp_1b61926236d1dbdd6707_20220105151604_archive.zip
Adding enhanced installer files to archive using ZipArchive
Installer files added to archive
Added to archive
After ziparchive close when adding installer

********************************************************************************
INTEGRITY CHECKS:
********************************************************************************
SQL FILE: 1.73MB
INSTALLER FILE: 64.26KB
ARCHIVE FILE: 22.24MB 
EXPECTED FILE/DIRECTORY COUNT: 3,791
ACTUAL FILE/DIRECTORY COUNT: 3,790
ARCHIVE CONSISTENCY TEST: Pass

********************************************************************************
RECORD ID:[2]
TOTAL PROCESS RUNTIME: 5.14 sec.
PEAK PHP MEMORY USED: 8MB
DONE PROCESSING => 20220105_feccawp January 5, 2022 3:16 pm

